<?xml version="1.0" encoding="UTF-8"?>
<!-- Generated by org.testng.reporters.JUnitReportReporter -->
<testsuite hostname="DESKTOP-2BNHLU2" name="com.wbl.test.RestAssuredPostTest" tests="1" failures="0" timestamp="29 Mar 2018 21:02:59 GMT" time="4.813" errors="0">
  <testcase name="postdata" time="4.813" classname="com.wbl.test.RestAssuredPostTest"/>
</testsuite> <!-- com.wbl.test.RestAssuredPostTest -->
