<?xml version="1.0" encoding="UTF-8"?>
<!-- Generated by org.testng.reporters.JUnitReportReporter -->
<testsuite hostname="DESKTOP-2BNHLU2" name="com.wbl.test.RestAssuredPutTest" tests="1" failures="0" timestamp="23 Mar 2018 15:53:43 GMT" time="2.757" errors="0">
  <testcase name="postdata" time="2.757" classname="com.wbl.test.RestAssuredPutTest"/>
</testsuite> <!-- com.wbl.test.RestAssuredPutTest -->
