<?xml version="1.0" encoding="UTF-8"?>
<!-- Generated by org.testng.reporters.JUnitReportReporter -->
<testsuite hostname="DESKTOP-2BNHLU2" name="com.wbl.test.RestAssuredGetTest" tests="3" failures="0" timestamp="29 Mar 2018 20:55:54 GMT" time="6.335" errors="0">
  <testcase name="get1" time="4.140" classname="com.wbl.test.RestAssuredGetTest"/>
  <testcase name="get2" time="0.577" classname="com.wbl.test.RestAssuredGetTest"/>
  <testcase name="get3" time="1.618" classname="com.wbl.test.RestAssuredGetTest"/>
</testsuite> <!-- com.wbl.test.RestAssuredGetTest -->
