<?xml version="1.0" encoding="UTF-8"?>
<!-- Generated by org.testng.reporters.JUnitReportReporter -->
<testsuite hostname="DESKTOP-2BNHLU2" name="com.wbl.test.RestAssuredAPITest" tests="3" failures="0" timestamp="23 Mar 2018 14:23:09 GMT" time="4.232" errors="0">
  <testcase name="get3" time="0.777" classname="com.wbl.test.RestAssuredAPITest"/>
  <testcase name="get2" time="0.421" classname="com.wbl.test.RestAssuredAPITest"/>
  <testcase name="get1" time="3.034" classname="com.wbl.test.RestAssuredAPITest"/>
</testsuite> <!-- com.wbl.test.RestAssuredAPITest -->
